<?xml version="1.0" encoding="UTF-8"?><testsuite errors="0" failures="1" name="Descargas de tarifarios" skipped="0" tests="1" time="39.24" timestamp="2020-07-13 09:39:05"><testcase name="Descarga de tarifario cuentas deposito exitoso"><failure message="expected:&lt;[data:,]&gt; but was:&lt;[https://www.banistmo.com/wps/wcm/connect/aae1f540-6e90-4974-a27b-b8867a5fd2c9/S56_ActualizacionTarifarioDepositos_Dic2019+%281%29+%282%29.pdf?MOD=AJPERES&amp;CVID=n8g171g]&gt;" type="java.lang.AssertionError">expected:&lt;[data:,]&gt; but was:&lt;[https://www.banistmo.com/wps/wcm/connect/aae1f540-6e90-4974-a27b-b8867a5fd2c9/S56_ActualizacionTarifarioDepositos_Dic2019+%281%29+%282%29.pdf?MOD=AJPERES&amp;CVID=n8g171g]&gt;</failure><system-err>expected:&lt;[data:,]&gt; but was:&lt;[https://www.banistmo.com/wps/wcm/connect/aae1f540-6e90-4974-a27b-b8867a5fd2c9/S56_ActualizacionTarifarioDepositos_Dic2019+%281%29+%282%29.pdf?MOD=AJPERES&amp;CVID=n8g171g]&gt;&#13;
co.com.miprueba.test.stepdefinitions.DescargaDeTarifariosStepDefinitions.elUsuarioDeberiaVerQueSeDescargoCorrectamente(DescargaDeTarifariosStepDefinitions.java:50)&#13;
✽.el usuario deberia ver que se descargo correctamente(src/test/resources/features/descargas_de_tarifarios.feature:12)&#13;
</system-err></testcase></testsuite>