<?xml version="1.0" encoding="UTF-8"?><testsuite errors="2" failures="0" name="Revision politica datos personales" skipped="0" tests="2" time="54.16" timestamp="2020-11-12 11:51:55"><testcase name="Descarga de documento de politica de datos personales Colombia exitoso"><error message="net.serenitybdd.screenplay.actions.ClickOnTarget$$EnhancerByCGLIB$$e3f2ec6d cannot be cast to org.openqa.selenium.WebElement" type="java.lang.ClassCastException">net.serenitybdd.screenplay.actions.ClickOnTarget$$EnhancerByCGLIB$$e3f2ec6d cannot be cast to org.openqa.selenium.WebElement</error><system-err>net.serenitybdd.screenplay.actions.ClickOnTarget$$EnhancerByCGLIB$$e3f2ec6d cannot be cast to org.openqa.selenium.WebElement&#13;
co.com.miprueba.test.tasks.DescargaDeContratoColombia.performAs(DescargaDeContratoColombia.java:28)&#13;
co.com.miprueba.test.stepdefinitions.DescargaDePoliticaDeDatosPersonalesStepDefinition.elUsuarioDescargaElContratoParaColombia(DescargaDePoliticaDeDatosPersonalesStepDefinition.java:36)&#13;
cucumber.runner.Runner.runPickle(Runner.java:80)&#13;
</system-err></testcase><testcase name="Descarga de documento de politica de datos personales Brasil exitoso"><error message="net.serenitybdd.screenplay.actions.ClickOnTarget$$EnhancerByCGLIB$$e3f2ec6d cannot be cast to org.openqa.selenium.WebElement" type="java.lang.ClassCastException">net.serenitybdd.screenplay.actions.ClickOnTarget$$EnhancerByCGLIB$$e3f2ec6d cannot be cast to org.openqa.selenium.WebElement</error><system-err>net.serenitybdd.screenplay.actions.ClickOnTarget$$EnhancerByCGLIB$$e3f2ec6d cannot be cast to org.openqa.selenium.WebElement&#13;
co.com.miprueba.test.tasks.DescargaDeContratoBrasil.performAs(DescargaDeContratoBrasil.java:27)&#13;
co.com.miprueba.test.stepdefinitions.DescargaDePoliticaDeDatosPersonalesStepDefinition.elUsuarioDescargaElContratoParaBrasil(DescargaDePoliticaDeDatosPersonalesStepDefinition.java:40)&#13;
cucumber.runner.Runner.runPickle(Runner.java:80)&#13;
</system-err></testcase></testsuite>