<?xml version="1.0" encoding="UTF-8"?><testsuite errors="1" failures="0" name="HU Envio de textos" skipped="0" tests="1" time="19.52" timestamp="2020-07-11 11:53:58"><testcase name="Mensaje exitoso"><error type="java.lang.NullPointerException"/><system-err>null&#13;
co.com.miprueba.test.tasks.EnvioDeTexto.performAs(EnvioDeTexto.java:26)&#13;
co.com.miprueba.test.stepdefinitions.MensajeATercerosStepDefinitions.elUsuarioEscribeElTextoEnLaBarra(MensajeATercerosStepDefinitions.java:61)&#13;
cucumber.runner.Runner.runPickle(Runner.java:80)&#13;
</system-err></testcase></testsuite>